# JRE version: OpenJDK Runtime Environment (11.0.6+8) (build 11.0.6+8-b765.25)
# Java VM: OpenJDK 64-Bit Server VM (11.0.6+8-b765.25, mixed mode, tiered, compressed oops, concurrent mark sweep gc, linux-amd64)
Heap:
 par new generation   total 39296K, used 28862K [0x000000008b000000, 0x000000008daa0000, 0x00000000b1f50000)
  eden space 34944K,  82% used [0x000000008b000000, 0x000000008cc19610, 0x000000008d220000)
  from space 4352K,   2% used [0x000000008d660000, 0x000000008d676378, 0x000000008daa0000)
  to   space 4352K,   0% used [0x000000008d220000, 0x000000008d220000, 0x000000008d660000)
 concurrent mark-sweep generation total 1201952K, used 789071K [0x00000000b1f50000, 0x00000000fb518000, 0x0000000100000000)
 Metaspace       used 455079K, capacity 473976K, committed 474288K, reserved 1462272K
  class space    used 56184K, capacity 62941K, committed 63012K, reserved 1048576K
GC Heap History (20 events):
Event: 21049,244 GC heap before
{Heap before GC invocations=9385 (full 23):
 par new generation   total 39296K, used 35271K [0x000000008b000000, 0x000000008daa0000, 0x00000000b1f50000)
  eden space 34944K, 100% used [0x000000008b000000, 0x000000008d220000, 0x000000008d220000)
  from space 4352K,   7% used [0x000000008d660000, 0x000000008d6b1d00, 0x000000008daa0000)
  to   space 4352K,   0% used [0x000000008d220000, 0x000000008d220000, 0x000000008d660000)
 concurrent mark-sweep generation total 1201952K, used 788707K [0x00000000b1f50000, 0x00000000fb518000, 0x0000000100000000)
 Metaspace       used 454822K, capacity 473658K, committed 474032K, reserved 1460224K
  class space    used 56143K, capacity 62890K, committed 63012K, reserved 1048576K
}
Event: 21049,247 GC heap after
{Heap after GC invocations=9386 (full 23):
 par new generation   total 39296K, used 279K [0x000000008b000000, 0x000000008daa0000, 0x00000000b1f50000)
  eden space 34944K,   0% used [0x000000008b000000, 0x000000008b000000, 0x000000008d220000)
  from space 4352K,   6% used [0x000000008d220000, 0x000000008d265f40, 0x000000008d660000)
  to   space 4352K,   0% used [0x000000008d660000, 0x000000008d660000, 0x000000008daa0000)
 concurrent mark-sweep generation total 1201952K, used 788707K [0x00000000b1f50000, 0x00000000fb518000, 0x0000000100000000)
 Metaspace       used 454822K, capacity 473658K, committed 474032K, reserved 1460224K
  class space    used 56143K, capacity 62890K, committed 63012K, reserved 1048576K
}
Event: 21315,864 GC heap before
{Heap before GC invocations=9386 (full 23):
 par new generation   total 39296K, used 35223K [0x000000008b000000, 0x000000008daa0000, 0x00000000b1f50000)
  eden space 34944K, 100% used [0x000000008b000000, 0x000000008d220000, 0x000000008d220000)
  from space 4352K,   6% used [0x000000008d220000, 0x000000008d265f40, 0x000000008d660000)
  to   space 4352K,   0% used [0x000000008d660000, 0x000000008d660000, 0x000000008daa0000)
 concurrent mark-sweep generation total 1201952K, used 788707K [0x00000000b1f50000, 0x00000000fb518000, 0x0000000100000000)
 Metaspace       used 454822K, capacity 473658K, committed 474032K, reserved 1460224K
  class space    used 56143K, capacity 62890K, committed 63012K, reserved 1048576K
}
Event: 21315,867 GC heap after
{Heap after GC invocations=9387 (full 23):
 par new generation   total 39296K, used 670K [0x000000008b000000, 0x000000008daa0000, 0x00000000b1f50000)
  eden space 34944K,   0% used [0x000000008b000000, 0x000000008b000000, 0x000000008d220000)
  from space 4352K,  15% used [0x000000008d660000, 0x000000008d7079b0, 0x000000008daa0000)
  to   space 4352K,   0% used [0x000000008d220000, 0x000000008d220000, 0x000000008d660000)
 concurrent mark-sweep generation total 1201952K, used 788711K [0x00000000b1f50000, 0x00000000fb518000, 0x0000000100000000)
 Metaspace       used 454822K, capacity 473658K, committed 474032K, reserved 1460224K
  class space    used 56143K, capacity 62890K, committed 63012K, reserved 1048576K
}
Event: 21434,139 GC heap before
{Heap before GC invocations=9387 (full 23):
 par new generation   total 39296K, used 35614K [0x000000008b000000, 0x000000008daa0000, 0x00000000b1f50000)
  eden space 34944K, 100% used [0x000000008b000000, 0x000000008d220000, 0x000000008d220000)
  from space 4352K,  15% used [0x000000008d660000, 0x000000008d7079b0, 0x000000008daa0000)
  to   space 4352K,   0% used [0x000000008d220000, 0x000000008d220000, 0x000000008d660000)
 concurrent mark-sweep generation total 1201952K, used 788711K [0x00000000b1f50000, 0x00000000fb518000, 0x0000000100000000)
 Metaspace       used 454824K, capacity 473658K, committed 474032K, reserved 1460224K
  class space    used 56143K, capacity 62890K, committed 63012K, reserved 1048576K
}
Event: 21434,142 GC heap after
{Heap after GC invocations=9388 (full 23):
 par new generation   total 39296K, used 658K [0x000000008b000000, 0x000000008daa0000, 0x00000000b1f50000)
  eden space 34944K,   0% used [0x000000008b000000, 0x000000008b000000, 0x000000008d220000)
  from space 4352K,  15% used [0x000000008d220000, 0x000000008d2c4a20, 0x000000008d660000)
  to   space 4352K,   0% used [0x000000008d660000, 0x000000008d660000, 0x000000008daa0000)
 concurrent mark-sweep generation total 1201952K, used 788711K [0x00000000b1f50000, 0x00000000fb518000, 0x0000000100000000)
 Metaspace       used 454824K, capacity 473658K, committed 474032K, reserved 1460224K
  class space    used 56143K, capacity 62890K, committed 63012K, reserved 1048576K
}
Event: 22038,800 GC heap before
{Heap before GC invocations=9388 (full 23):
 par new generation   total 39296K, used 35602K [0x000000008b000000, 0x000000008daa0000, 0x00000000b1f50000)
  eden space 34944K, 100% used [0x000000008b000000, 0x000000008d220000, 0x000000008d220000)
  from space 4352K,  15% used [0x000000008d220000, 0x000000008d2c4a20, 0x000000008d660000)
  to   space 4352K,   0% used [0x000000008d660000, 0x000000008d660000, 0x000000008daa0000)
 concurrent mark-sweep generation total 1201952K, used 788711K [0x00000000b1f50000, 0x00000000fb518000, 0x0000000100000000)
 Metaspace       used 454830K, capacity 473661K, committed 474032K, reserved 1460224K
  class space    used 56144K, capacity 62891K, committed 63012K, reserved 1048576K
}
Event: 22038,803 GC heap after
{Heap after GC invocations=9389 (full 23):
 par new generation   total 39296K, used 636K [0x000000008b000000, 0x000000008daa0000, 0x00000000b1f50000)
  eden space 34944K,   0% used [0x000000008b000000, 0x000000008b000000, 0x000000008d220000)
  from space 4352K,  14% used [0x000000008d660000, 0x000000008d6ff380, 0x000000008daa0000)
  to   space 4352K,   0% used [0x000000008d220000, 0x000000008d220000, 0x000000008d660000)
 concurrent mark-sweep generation total 1201952K, used 788712K [0x00000000b1f50000, 0x00000000fb518000, 0x0000000100000000)
 Metaspace       used 454830K, capacity 473661K, committed 474032K, reserved 1460224K
  class space    used 56144K, capacity 62891K, committed 63012K, reserved 1048576K
}
Event: 22684,590 GC heap before
{Heap before GC invocations=9389 (full 23):
 par new generation   total 39296K, used 35580K [0x000000008b000000, 0x000000008daa0000, 0x00000000b1f50000)
  eden space 34944K, 100% used [0x000000008b000000, 0x000000008d220000, 0x000000008d220000)
  from space 4352K,  14% used [0x000000008d660000, 0x000000008d6ff380, 0x000000008daa0000)
  to   space 4352K,   0% used [0x000000008d220000, 0x000000008d220000, 0x000000008d660000)
 concurrent mark-sweep generation total 1201952K, used 788712K [0x00000000b1f50000, 0x00000000fb518000, 0x0000000100000000)
 Metaspace       used 454830K, capacity 473661K, committed 474032K, reserved 1460224K
  class space    used 56144K, capacity 62891K, committed 63012K, reserved 1048576K
}
Event: 22684,593 GC heap after
{Heap after GC invocations=9390 (full 23):
 par new generation   total 39296K, used 505K [0x000000008b000000, 0x000000008daa0000, 0x00000000b1f50000)
  eden space 34944K,   0% used [0x000000008b000000, 0x000000008b000000, 0x000000008d220000)
  from space 4352K,  11% used [0x000000008d220000, 0x000000008d29e6d0, 0x000000008d660000)
  to   space 4352K,   0% used [0x000000008d660000, 0x000000008d660000, 0x000000008daa0000)
 concurrent mark-sweep generation total 1201952K, used 788723K [0x00000000b1f50000, 0x00000000fb518000, 0x0000000100000000)
 Metaspace       used 454830K, capacity 473661K, committed 474032K, reserved 1460224K
  class space    used 56144K, capacity 62891K, committed 63012K, reserved 1048576K
}
Event: 23333,349 GC heap before
{Heap before GC invocations=9390 (full 23):
 par new generation   total 39296K, used 35449K [0x000000008b000000, 0x000000008daa0000, 0x00000000b1f50000)
  eden space 34944K, 100% used [0x000000008b000000, 0x000000008d220000, 0x000000008d220000)
  from space 4352K,  11% used [0x000000008d220000, 0x000000008d29e6d0, 0x000000008d660000)
  to   space 4352K,   0% used [0x000000008d660000, 0x000000008d660000, 0x000000008daa0000)
 concurrent mark-sweep generation total 1201952K, used 788723K [0x00000000b1f50000, 0x00000000fb518000, 0x0000000100000000)
 Metaspace       used 454830K, capacity 473661K, committed 474032K, reserved 1460224K
  class space    used 56144K, capacity 62891K, committed 63012K, reserved 1048576K
}
Event: 23333,356 GC heap after
{Heap after GC invocations=9391 (full 23):
 par new generation   total 39296K, used 407K [0x000000008b000000, 0x000000008daa0000, 0x00000000b1f50000)
  eden space 34944K,   0% used [0x000000008b000000, 0x000000008b000000, 0x000000008d220000)
  from space 4352K,   9% used [0x000000008d660000, 0x000000008d6c5f38, 0x000000008daa0000)
  to   space 4352K,   0% used [0x000000008d220000, 0x000000008d220000, 0x000000008d660000)
 concurrent mark-sweep generation total 1201952K, used 788725K [0x00000000b1f50000, 0x00000000fb518000, 0x0000000100000000)
 Metaspace       used 454830K, capacity 473661K, committed 474032K, reserved 1460224K
  class space    used 56144K, capacity 62891K, committed 63012K, reserved 1048576K
}
Event: 23959,851 GC heap before
{Heap before GC invocations=9391 (full 23):
 par new generation   total 39296K, used 35351K [0x000000008b000000, 0x000000008daa0000, 0x00000000b1f50000)
  eden space 34944K, 100% used [0x000000008b000000, 0x000000008d220000, 0x000000008d220000)
  from space 4352K,   9% used [0x000000008d660000, 0x000000008d6c5f38, 0x000000008daa0000)
  to   space 4352K,   0% used [0x000000008d220000, 0x000000008d220000, 0x000000008d660000)
 concurrent mark-sweep generation total 1201952K, used 788725K [0x00000000b1f50000, 0x00000000fb518000, 0x0000000100000000)
 Metaspace       used 454898K, capacity 473767K, committed 474032K, reserved 1460224K
  class space    used 56156K, capacity 62913K, committed 63012K, reserved 1048576K
}
Event: 23959,853 GC heap after
{Heap after GC invocations=9392 (full 23):
 par new generation   total 39296K, used 503K [0x000000008b000000, 0x000000008daa0000, 0x00000000b1f50000)
  eden space 34944K,   0% used [0x000000008b000000, 0x000000008b000000, 0x000000008d220000)
  from space 4352K,  11% used [0x000000008d220000, 0x000000008d29dca8, 0x000000008d660000)
  to   space 4352K,   0% used [0x000000008d660000, 0x000000008d660000, 0x000000008daa0000)
 concurrent mark-sweep generation total 1201952K, used 788725K [0x00000000b1f50000, 0x00000000fb518000, 0x0000000100000000)
 Metaspace       used 454898K, capacity 473767K, committed 474032K, reserved 1460224K
  class space    used 56156K, capacity 62913K, committed 63012K, reserved 1048576K
}
Event: 24600,840 GC heap before
{Heap before GC invocations=9392 (full 23):
 par new generation   total 39296K, used 35447K [0x000000008b000000, 0x000000008daa0000, 0x00000000b1f50000)
  eden space 34944K, 100% used [0x000000008b000000, 0x000000008d220000, 0x000000008d220000)
  from space 4352K,  11% used [0x000000008d220000, 0x000000008d29dca8, 0x000000008d660000)
  to   space 4352K,   0% used [0x000000008d660000, 0x000000008d660000, 0x000000008daa0000)
 concurrent mark-sweep generation total 1201952K, used 788725K [0x00000000b1f50000, 0x00000000fb518000, 0x0000000100000000)
 Metaspace       used 454898K, capacity 473767K, committed 474032K, reserved 1460224K
  class space    used 56156K, capacity 62913K, committed 63012K, reserved 1048576K
}
Event: 24600,869 GC heap after
{Heap after GC invocations=9393 (full 23):
 par new generation   total 39296K, used 465K [0x000000008b000000, 0x000000008daa0000, 0x00000000b1f50000)
  eden space 34944K,   0% used [0x000000008b000000, 0x000000008b000000, 0x000000008d220000)
  from space 4352K,  10% used [0x000000008d660000, 0x000000008d6d4770, 0x000000008daa0000)
  to   space 4352K,   0% used [0x000000008d220000, 0x000000008d220000, 0x000000008d660000)
 concurrent mark-sweep generation total 1201952K, used 788750K [0x00000000b1f50000, 0x00000000fb518000, 0x0000000100000000)
 Metaspace       used 454898K, capacity 473767K, committed 474032K, reserved 1460224K
  class space    used 56156K, capacity 62913K, committed 63012K, reserved 1048576K
}
Event: 25230,392 GC heap before
{Heap before GC invocations=9393 (full 23):
 par new generation   total 39296K, used 35409K [0x000000008b000000, 0x000000008daa0000, 0x00000000b1f50000)
  eden space 34944K, 100% used [0x000000008b000000, 0x000000008d220000, 0x000000008d220000)
  from space 4352K,  10% used [0x000000008d660000, 0x000000008d6d4770, 0x000000008daa0000)
  to   space 4352K,   0% used [0x000000008d220000, 0x000000008d220000, 0x000000008d660000)
 concurrent mark-sweep generation total 1201952K, used 788750K [0x00000000b1f50000, 0x00000000fb518000, 0x0000000100000000)
 Metaspace       used 454913K, capacity 473770K, committed 474032K, reserved 1460224K
  class space    used 56156K, capacity 62914K, committed 63012K, reserved 1048576K
}
Event: 25230,624 GC heap after
{Heap after GC invocations=9394 (full 23):
 par new generation   total 39296K, used 173K [0x000000008b000000, 0x000000008daa0000, 0x00000000b1f50000)
  eden space 34944K,   0% used [0x000000008b000000, 0x000000008b000000, 0x000000008d220000)
  from space 4352K,   3% used [0x000000008d220000, 0x000000008d24b570, 0x000000008d660000)
  to   space 4352K,   0% used [0x000000008d660000, 0x000000008d660000, 0x000000008daa0000)
 concurrent mark-sweep generation total 1201952K, used 789068K [0x00000000b1f50000, 0x00000000fb518000, 0x0000000100000000)
 Metaspace       used 454913K, capacity 473770K, committed 474032K, reserved 1460224K
  class space    used 56156K, capacity 62914K, committed 63012K, reserved 1048576K
}
Event: 25865,845 GC heap before
{Heap before GC invocations=9394 (full 23):
 par new generation   total 39296K, used 35117K [0x000000008b000000, 0x000000008daa0000, 0x00000000b1f50000)
  eden space 34944K, 100% used [0x000000008b000000, 0x000000008d220000, 0x000000008d220000)
  from space 4352K,   3% used [0x000000008d220000, 0x000000008d24b570, 0x000000008d660000)
  to   space 4352K,   0% used [0x000000008d660000, 0x000000008d660000, 0x000000008daa0000)
 concurrent mark-sweep generation total 1201952K, used 789068K [0x00000000b1f50000, 0x00000000fb518000, 0x0000000100000000)
 Metaspace       used 454914K, capacity 473770K, committed 474032K, reserved 1460224K
  class space    used 56156K, capacity 62914K, committed 63012K, reserved 1048576K
}
Event: 25865,881 GC heap after
{Heap after GC invocations=9395 (full 23):
 par new generation   total 39296K, used 88K [0x000000008b000000, 0x000000008daa0000, 0x00000000b1f50000)
  eden space 34944K,   0% used [0x000000008b000000, 0x000000008b000000, 0x000000008d220000)
  from space 4352K,   2% used [0x000000008d660000, 0x000000008d676378, 0x000000008daa0000)
  to   space 4352K,   0% used [0x000000008d220000, 0x000000008d220000, 0x000000008d660000)
 concurrent mark-sweep generation total 1201952K, used 789071K [0x00000000b1f50000, 0x00000000fb518000, 0x0000000100000000)
 Metaspace       used 454914K, capacity 473770K, committed 474032K, reserved 1460224K
  class space    used 56156K, capacity 62914K, committed 63012K, reserved 1048576K
}

